<?xml version="1.0" encoding="UTF-8"?>
<!-- Generated by org.testng.reporters.JUnitXMLReporter -->
<testsuite hostname="WindowProNew" ignored="0" name="Test2" tests="5" failures="1" timestamp="27 Oct 2019 08:29:17 GMT" time="15.558" errors="0">
  <testcase name="registrationPageTest" time="8.2" classname="com.newtours.tests.BookFlightTest"/>
  <testcase name="registrationConfirmationPageTest" time="0.755" classname="com.newtours.tests.BookFlightTest"/>
  <testcase name="flightDetailsPageTest" time="0.989" classname="com.newtours.tests.BookFlightTest"/>
  <testcase name="findFlightPageTest" time="1.463" classname="com.newtours.tests.BookFlightTest"/>
  <testcase name="flightConfirmationPageTest" time="1.123" classname="com.newtours.tests.BookFlightTest">
    <failure type="java.lang.AssertionError" message="expected [$1500 USD] but found [$1753 USD]">
      <![CDATA[java.lang.AssertionError: expected [$1500 USD] but found [$1753 USD]
at com.newtours.tests.BookFlightTest.flightConfirmationPageTest(BookFlightTest.java:68)
... Removed 31 stack frames]]>
    </failure>
  </testcase> <!-- flightConfirmationPageTest -->
</testsuite> <!-- Test2 -->
